======================================================
             BEGINNING RUN OF MODAL TESTS
                    muMAX= 0.0180
======================================================
======
TEST 2: Uniform advection of cosinebell
======
Precomputing quadrature nodes and weights...
Beginning runs...
Beginning time stepping...
Beginning time stepping...
Beginning time stepping...
Beginning time stepping...
Beginning time stepping...
====================
         q1
====================
   nex      E1        E2       Einf      convergence rate  overshoot   undershoot    cons      cputime   tf
   16  0.2702E-04  0.7640E-04  0.4334E-03 0.00 0.00 0.00  0.0000E+00  0.0000E+00 -0.1546E-05    3.96    1.00
   32  0.3944E-05  0.1658E-04  0.1607E-03 2.78 2.20 1.43  0.0000E+00  0.0000E+00  0.1716E-06   15.73    1.00
   64  0.5967E-06  0.3815E-05  0.4742E-04 2.72 2.12 1.76  0.0000E+00  0.0000E+00  0.2383E-07   63.00    1.00
  128  0.9059E-07  0.9081E-06  0.1537E-04 2.72 2.07 1.63  0.0000E+00  0.0000E+00 -0.2698E-08  251.76    1.00
  256  0.1593E-07  0.2439E-06  0.5492E-05 2.51 1.90 1.48  0.0000E+00  0.0000E+00 -0.3685E-09 1001.10    1.00
PROGRAM COMPLETE!
